{"C:\\Users\\79260\\Desktop\\jest\\src\\index.js": {"path":"C:\\Users\\79260\\Desktop\\jest\\src\\index.js","statementMap":{"0":{"start":{"line":4,"column":4},"end":{"line":15,"column":5}},"1":{"start":{"line":4,"column":17},"end":{"line":4,"column":18}},"2":{"start":{"line":6,"column":8},"end":{"line":8,"column":9}},"3":{"start":{"line":7,"column":12},"end":{"line":7,"column":29}},"4":{"start":{"line":9,"column":8},"end":{"line":11,"column":9}},"5":{"start":{"line":10,"column":12},"end":{"line":10,"column":29}},"6":{"start":{"line":12,"column":8},"end":{"line":14,"column":9}},"7":{"start":{"line":13,"column":12},"end":{"line":13,"column":30}}},"fnMap":{"0":{"name":"healthTotal","decl":{"start":{"line":1,"column":16},"end":{"line":1,"column":27}},"loc":{"start":{"line":1,"column":41},"end":{"line":16,"column":1}},"line":1}},"branchMap":{"0":{"loc":{"start":{"line":6,"column":8},"end":{"line":8,"column":9}},"type":"if","locations":[{"start":{"line":6,"column":8},"end":{"line":8,"column":9}},{"start":{},"end":{}}],"line":6},"1":{"loc":{"start":{"line":9,"column":8},"end":{"line":11,"column":9}},"type":"if","locations":[{"start":{"line":9,"column":8},"end":{"line":11,"column":9}},{"start":{},"end":{}}],"line":9},"2":{"loc":{"start":{"line":9,"column":12},"end":{"line":9,"column":68}},"type":"binary-expr","locations":[{"start":{"line":9,"column":12},"end":{"line":9,"column":38}},{"start":{"line":9,"column":42},"end":{"line":9,"column":68}}],"line":9},"3":{"loc":{"start":{"line":12,"column":8},"end":{"line":14,"column":9}},"type":"if","locations":[{"start":{"line":12,"column":8},"end":{"line":14,"column":9}},{"start":{},"end":{}}],"line":12}},"s":{"0":3,"1":3,"2":3,"3":1,"4":2,"5":1,"6":1,"7":1},"f":{"0":3},"b":{"0":[1,2],"1":[1,1],"2":[2,2],"3":[1,0]},"_coverageSchema":"1a1c01bbd47fc00a2c39e90264f33305004495a9","hash":"2315569f124db86a54fae1dd33340e182302c9f3"}
}
